2026-02-13 18:36:42,052 [INFO] Activator:176 - 


2026-02-13 18:36:42,133 [INFO] Activator:177 - !SESSION log4j initialized
2026-02-13 18:36:55,000 [INFO] LogOutputStream:77 - [STDOUT_REDIRECT] 
2026-02-13 18:36:58,326 [INFO] ApplicationProperties:184 - Using Application install path: F:\stm32_1_9_0\STM32CubeIDE_1.19.0\STM32CubeIDE\plugins\com.st.stm32cube.common.mx_6.15.0.202507011659
2026-02-13 18:36:58,374 [INFO] DbMcusXml:78 - Set database path to: F:\stm32_1_9_0\STM32CubeIDE_1.19.0\STM32CubeIDE\plugins\com.st.stm32cube.common.mx_6.15.0.202507011659\\db\/mcu/
2026-02-13 18:36:58,375 [INFO] ApiDb:274 - Set plugin database path to: F:\stm32_1_9_0\STM32CubeIDE_1.19.0\STM32CubeIDE\plugins\com.st.stm32cube.common.mx_6.15.0.202507011659\\db\/plugins/boardmanager/
2026-02-13 18:36:58,375 [WARN] ApiDb:259 - Overriding images path with different value:  => F:\stm32_1_9_0\STM32CubeIDE_1.19.0\STM32CubeIDE\plugins\com.st.stm32cube.common.mx_6.15.0.202507011659\\db\/plugins/mcufinder/images/
2026-02-13 18:36:58,399 [INFO] ApiDb:250 - Set database path to: C:\Users\DELL\.stmcufinder\plugins\mcufinder//mcu/
2026-02-13 18:36:58,402 [INFO] DbMcusAds:125 - Set database path to: C:\Users\DELL\.stmcufinder\plugins\mcufinder//mcu/
2026-02-13 18:36:58,407 [INFO] CrossReferenceDbSqlite:203 - Set database path to: C:\Users\DELL\.stmcufinder\plugins\mcufinder//mcu/cs/
2026-02-13 18:36:58,739 [INFO] RulesReader:64 - Compatibility file has been processed (317 Rules)
2026-02-13 18:36:58,974 [INFO] DbMcusXml:78 - Set database path to: F:\stm32_1_9_0\STM32CubeIDE_1.19.0\STM32CubeIDE\plugins\com.st.stm32cube.common.mx_6.15.0.202507011659\\db\/mcu/
2026-02-13 18:36:58,974 [INFO] ApiDb:274 - Set plugin database path to: F:\stm32_1_9_0\STM32CubeIDE_1.19.0\STM32CubeIDE\plugins\com.st.stm32cube.common.mx_6.15.0.202507011659\\db\/plugins/boardmanager/
2026-02-13 18:36:58,974 [INFO] ApiDb:261 - Set plugin images path to: F:\stm32_1_9_0\STM32CubeIDE_1.19.0\STM32CubeIDE\plugins\com.st.stm32cube.common.mx_6.15.0.202507011659\\db\/plugins/mcufinder/images/
2026-02-13 18:36:58,974 [WARN] DbFile:41 - Overriding database path with different value: C:\Users\DELL\.stmcufinder\plugins\mcufinder/ => C:\Users\DELL\.stmcufinder\plugins\mcufinder
2026-02-13 18:36:58,974 [INFO] ApiDb:250 - Set database path to: C:\Users\DELL\.stmcufinder\plugins\mcufinder//mcu/
2026-02-13 18:36:58,976 [WARN] DbFile:41 - Overriding database path with different value: C:\Users\DELL\.stmcufinder\plugins\mcufinder/ => C:\Users\DELL\.stmcufinder\plugins\mcufinder
2026-02-13 18:36:58,976 [INFO] DbMcusAds:125 - Set database path to: C:\Users\DELL\.stmcufinder\plugins\mcufinder//mcu/
2026-02-13 18:36:58,976 [WARN] DbFile:41 - Overriding database path with different value: C:\Users\DELL\.stmcufinder\plugins\mcufinder/ => C:\Users\DELL\.stmcufinder\plugins\mcufinder
2026-02-13 18:36:58,976 [WARN] DbFile:41 - Overriding database path with different value: C:\Users\DELL\.stmcufinder\plugins\mcufinder/ => C:\Users\DELL\.stmcufinder\plugins\mcufinder
2026-02-13 18:36:58,976 [INFO] CrossReferenceDbSqlite:203 - Set database path to: C:\Users\DELL\.stmcufinder\plugins\mcufinder//mcu/cs/
2026-02-13 18:36:59,252 [INFO] MainPanel:274 - HeapMemory: 268435456
2026-02-13 18:36:59,731 [INFO] DbMcusXml:78 - Set database path to: F:\stm32_1_9_0\STM32CubeIDE_1.19.0\STM32CubeIDE\plugins\com.st.stm32cube.common.mx_6.15.0.202507011659\\db\/mcu/
2026-02-13 18:36:59,732 [INFO] ApiDb:274 - Set plugin database path to: F:\stm32_1_9_0\STM32CubeIDE_1.19.0\STM32CubeIDE\plugins\com.st.stm32cube.common.mx_6.15.0.202507011659\\db\/plugins/boardmanager/
2026-02-13 18:36:59,732 [INFO] ApiDb:261 - Set plugin images path to: F:\stm32_1_9_0\STM32CubeIDE_1.19.0\STM32CubeIDE\plugins\com.st.stm32cube.common.mx_6.15.0.202507011659\\db\/plugins/mcufinder/images/
2026-02-13 18:36:59,734 [WARN] DbFile:41 - Overriding database path with different value: C:\Users\DELL\.stmcufinder\plugins\mcufinder/ => C:\Users\DELL\.stmcufinder\plugins\mcufinder
2026-02-13 18:36:59,735 [INFO] ApiDb:250 - Set database path to: C:\Users\DELL\.stmcufinder\plugins\mcufinder//mcu/
2026-02-13 18:36:59,735 [WARN] DbFile:41 - Overriding database path with different value: C:\Users\DELL\.stmcufinder\plugins\mcufinder/ => C:\Users\DELL\.stmcufinder\plugins\mcufinder
2026-02-13 18:36:59,735 [INFO] DbMcusAds:125 - Set database path to: C:\Users\DELL\.stmcufinder\plugins\mcufinder//mcu/
2026-02-13 18:36:59,735 [WARN] DbFile:41 - Overriding database path with different value: C:\Users\DELL\.stmcufinder\plugins\mcufinder/ => C:\Users\DELL\.stmcufinder\plugins\mcufinder
2026-02-13 18:36:59,735 [WARN] DbFile:41 - Overriding database path with different value: C:\Users\DELL\.stmcufinder\plugins\mcufinder/ => C:\Users\DELL\.stmcufinder\plugins\mcufinder
2026-02-13 18:36:59,735 [INFO] CrossReferenceDbSqlite:203 - Set database path to: C:\Users\DELL\.stmcufinder\plugins\mcufinder//mcu/cs/
2026-02-13 18:36:59,790 [INFO] ApplicationProperties:184 - Using Application install path: F:\stm32_1_9_0\STM32CubeIDE_1.19.0\STM32CubeIDE\plugins\com.st.stm32cube.common.mx_6.15.0.202507011659
2026-02-13 18:36:59,795 [INFO] PluginManage:196 - Search for loadable plugins [exclusion list=, ]
2026-02-13 18:36:59,799 [INFO] PluginManage:310 - Check plugin analytics
2026-02-13 18:37:00,558 [INFO] AnalyticsPlugin:253 - Accepted Software Licenses: 
2026-02-13 18:37:00,558 [INFO] AnalyticsPlugin:255 - Accepted CMSIS Pack Licenses: 
2026-02-13 18:37:00,558 [INFO] AnalyticsPlugin:257 - Accepted Firmware Licenses: 
2026-02-13 18:37:00,564 [INFO] PluginManage:359 - Loaded plugin analytics (category:tool,tabindex:-1)
2026-02-13 18:37:00,564 [INFO] PluginManage:310 - Check plugin cadmodel
2026-02-13 18:37:00,583 [INFO] CADModel:105 - Init CAD model plugin
2026-02-13 18:37:00,585 [INFO] PluginManage:359 - Loaded plugin cadmodel (category:power,tabindex:5)
2026-02-13 18:37:00,587 [INFO] PluginManage:310 - Check plugin clock
2026-02-13 18:37:00,625 [INFO] PluginManage:359 - Loaded plugin clock (category:base,tabindex:2)
2026-02-13 18:37:00,625 [INFO] PluginManage:310 - Check plugin ddr
2026-02-13 18:37:00,641 [INFO] PluginManage:359 - Loaded plugin ddr (category:tool,tabindex:6)
2026-02-13 18:37:00,645 [INFO] PluginManage:310 - Check plugin filemanager
2026-02-13 18:37:01,220 [INFO] PluginManage:359 - Loaded plugin filemanager (category:base,tabindex:10)
2026-02-13 18:37:01,220 [INFO] PluginManage:310 - Check plugin ipmanager
2026-02-13 18:37:01,259 [INFO] PluginManage:359 - Loaded plugin ipmanager (category:base,tabindex:5)
2026-02-13 18:37:01,259 [INFO] PluginManage:310 - Check plugin lpbam
2026-02-13 18:37:01,292 [INFO] PluginManage:359 - Loaded plugin lpbam (category:base,tabindex:0)
2026-02-13 18:37:01,292 [INFO] PluginManage:310 - Check plugin memorymap
2026-02-13 18:37:01,350 [INFO] PluginManage:359 - Loaded plugin memorymap (category:base,tabindex:4)
2026-02-13 18:37:01,350 [INFO] PluginManage:310 - Check plugin pinoutandconfiguration
2026-02-13 18:37:01,398 [INFO] PluginManage:359 - Loaded plugin pinoutandconfiguration (category:base,tabindex:1)
2026-02-13 18:37:01,398 [INFO] PluginManage:310 - Check plugin pinoutconfig
2026-02-13 18:37:01,950 [WARN] SupportedApi:132 - Cannot load RTOS API schema: s4s-elt-must-match.1: The content of 'definitions' must match (annotation?, (simpleType | complexType)?, (unique | key | keyref)*)). A problem was found starting at: attribute.
2026-02-13 18:37:02,771 [INFO] PluginManage:359 - Loaded plugin pinoutconfig (category:base,tabindex:0)
2026-02-13 18:37:02,771 [INFO] PluginManage:310 - Check plugin power
2026-02-13 18:37:02,811 [INFO] PluginManage:359 - Loaded plugin power (category:power,tabindex:4)
2026-02-13 18:37:02,812 [INFO] PluginManage:310 - Check plugin projectmanager
2026-02-13 18:37:02,904 [INFO] PluginManage:359 - Loaded plugin projectmanager (category:projectmanager,tabindex:4)
2026-02-13 18:37:02,905 [INFO] PluginManage:310 - Check plugin rif
2026-02-13 18:37:02,985 [INFO] PluginManage:359 - Loaded plugin rif (category:base,tabindex:3)
2026-02-13 18:37:02,985 [INFO] PluginManage:310 - Check plugin thirdparty
2026-02-13 18:37:03,578 [INFO] PluginManage:359 - Loaded plugin thirdparty (category:base,tabindex:-1)
2026-02-13 18:37:03,578 [WARN] IntegrityCheckThread:84 - waiting for thirdparty lock release [integrity check]
2026-02-13 18:37:03,579 [INFO] PluginManage:310 - Check plugin tools
2026-02-13 18:37:03,579 [INFO] IntegrityCheckThread:86 - entering critical section [integrity check]
2026-02-13 18:37:03,580 [INFO] ThirdPartyUpdaterWithRetryManager:70 - Updater plugin not ready yet. [1/15]
2026-02-13 18:37:03,587 [INFO] PluginManage:359 - Loaded plugin tools (category:base,tabindex:7)
2026-02-13 18:37:03,589 [INFO] PluginManage:310 - Check plugin tutovideos
2026-02-13 18:37:04,305 [INFO] PluginManage:359 - Loaded plugin tutovideos (category:base,tabindex:-1)
2026-02-13 18:37:04,307 [INFO] PluginManage:310 - Check plugin updater
2026-02-13 18:37:04,392 [INFO] PluginManage:359 - Loaded plugin updater (category:base,tabindex:12)
2026-02-13 18:37:04,392 [INFO] PluginManage:310 - Check plugin userauth
2026-02-13 18:37:04,405 [INFO] UserAuth:118 - Init User Auth plugin
2026-02-13 18:37:04,407 [INFO] PluginManage:359 - Loaded plugin userauth (category:base,tabindex:14)
2026-02-13 18:37:04,410 [INFO] PluginManage:283 - PluginManage : Loaded plugins [18]
2026-02-13 18:37:05,110 [INFO] PinOutPanel:1589 - setPackage(No Configuration,No Configuration)
2026-02-13 18:37:05,407 [INFO] CADModel:165 - CPN selected for project level
2026-02-13 18:37:05,407 [INFO] CADModel:114 - Register for checkConnection events
2026-02-13 18:37:05,467 [INFO] IPUIPlugin:80 - create IPUIPlugin
2026-02-13 18:37:05,467 [INFO] PluginManager:220 - loadIPPluginJar : add adc
2026-02-13 18:37:05,478 [INFO] IPUIPlugin:80 - create IPUIPlugin
2026-02-13 18:37:05,480 [INFO] PluginManager:220 - loadIPPluginJar : add aes
2026-02-13 18:37:05,490 [INFO] IPUIPlugin:80 - create IPUIPlugin
2026-02-13 18:37:05,493 [INFO] PluginManager:220 - loadIPPluginJar : add can
2026-02-13 18:37:05,499 [INFO] IPUIPlugin:80 - create IPUIPlugin
2026-02-13 18:37:05,499 [INFO] PluginManager:220 - loadIPPluginJar : add comp
2026-02-13 18:37:05,512 [INFO] IPUIPlugin:80 - create IPUIPlugin
2026-02-13 18:37:05,512 [INFO] PluginManager:220 - loadIPPluginJar : add cryp
2026-02-13 18:37:05,525 [INFO] IPUIPlugin:80 - create IPUIPlugin
2026-02-13 18:37:05,525 [INFO] PluginManager:220 - loadIPPluginJar : add ddr_ctrl_phy
2026-02-13 18:37:05,535 [INFO] IPUIPlugin:80 - create IPUIPlugin
2026-02-13 18:37:05,535 [INFO] PluginManager:220 - loadIPPluginJar : add dfsdm
2026-02-13 18:37:05,556 [INFO] IPUIPlugin:80 - create IPUIPlugin
2026-02-13 18:37:05,558 [INFO] PluginManager:220 - loadIPPluginJar : add dma
2026-02-13 18:37:05,566 [INFO] IPUIPlugin:80 - create IPUIPlugin
2026-02-13 18:37:05,567 [INFO] PluginManager:220 - loadIPPluginJar : add dma3
2026-02-13 18:37:05,575 [INFO] IPUIPlugin:80 - create IPUIPlugin
2026-02-13 18:37:05,575 [INFO] PluginManager:220 - loadIPPluginJar : add extmemmanager
2026-02-13 18:37:05,585 [INFO] IPUIPlugin:80 - create IPUIPlugin
2026-02-13 18:37:05,587 [INFO] PluginManager:220 - loadIPPluginJar : add fatfs
2026-02-13 18:37:05,601 [INFO] IPUIPlugin:80 - create IPUIPlugin
2026-02-13 18:37:05,601 [INFO] PluginManager:220 - loadIPPluginJar : add fmc
2026-02-13 18:37:05,621 [INFO] IPUIPlugin:80 - create IPUIPlugin
2026-02-13 18:37:05,625 [INFO] PluginManager:220 - loadIPPluginJar : add freertos
2026-02-13 18:37:05,646 [INFO] IPUIPlugin:80 - create IPUIPlugin
2026-02-13 18:37:05,647 [INFO] PluginManager:220 - loadIPPluginJar : add genericplugin
2026-02-13 18:37:05,653 [INFO] IPUIPlugin:80 - create IPUIPlugin
2026-02-13 18:37:05,653 [INFO] PluginManager:220 - loadIPPluginJar : add gfxmmu
2026-02-13 18:37:05,668 [INFO] IPUIPlugin:80 - create IPUIPlugin
2026-02-13 18:37:05,670 [INFO] PluginManager:220 - loadIPPluginJar : add gic
2026-02-13 18:37:05,702 [INFO] IPUIPlugin:80 - create IPUIPlugin
2026-02-13 18:37:05,704 [INFO] PluginManager:220 - loadIPPluginJar : add gpio
2026-02-13 18:37:05,724 [INFO] IPUIPlugin:80 - create IPUIPlugin
2026-02-13 18:37:05,725 [INFO] PluginManager:220 - loadIPPluginJar : add gtzc
2026-02-13 18:37:05,736 [INFO] IPUIPlugin:80 - create IPUIPlugin
2026-02-13 18:37:05,738 [INFO] PluginManager:220 - loadIPPluginJar : add hash
2026-02-13 18:37:05,748 [INFO] IPUIPlugin:80 - create IPUIPlugin
2026-02-13 18:37:05,748 [INFO] PluginManager:220 - loadIPPluginJar : add i2c
2026-02-13 18:37:05,756 [INFO] IPUIPlugin:80 - create IPUIPlugin
2026-02-13 18:37:05,756 [INFO] PluginManager:220 - loadIPPluginJar : add i2s
2026-02-13 18:37:05,766 [INFO] IPUIPlugin:80 - create IPUIPlugin
2026-02-13 18:37:05,766 [INFO] PluginManager:220 - loadIPPluginJar : add i3c
2026-02-13 18:37:05,777 [INFO] IPUIPlugin:80 - create IPUIPlugin
2026-02-13 18:37:05,777 [INFO] PluginManager:220 - loadIPPluginJar : add ipddr
2026-02-13 18:37:05,793 [INFO] IPUIPlugin:80 - create IPUIPlugin
2026-02-13 18:37:05,793 [INFO] PluginManager:220 - loadIPPluginJar : add linkedlist
2026-02-13 18:37:05,804 [INFO] IPUIPlugin:80 - create IPUIPlugin
2026-02-13 18:37:05,804 [INFO] PluginManager:220 - loadIPPluginJar : add lorawan
2026-02-13 18:37:05,807 [INFO] IPUIPlugin:80 - create IPUIPlugin
2026-02-13 18:37:05,807 [INFO] PluginManager:220 - loadIPPluginJar : add ltdc
2026-02-13 18:37:05,825 [INFO] IPUIPlugin:80 - create IPUIPlugin
2026-02-13 18:37:05,825 [INFO] PluginManager:220 - loadIPPluginJar : add mdma
2026-02-13 18:37:05,835 [INFO] IPUIPlugin:80 - create IPUIPlugin
2026-02-13 18:37:05,837 [INFO] PluginManager:220 - loadIPPluginJar : add nvic
2026-02-13 18:37:05,847 [INFO] IPUIPlugin:80 - create IPUIPlugin
2026-02-13 18:37:05,847 [INFO] PluginManager:220 - loadIPPluginJar : add opamp
2026-02-13 18:37:05,857 [INFO] IPUIPlugin:80 - create IPUIPlugin
2026-02-13 18:37:05,859 [INFO] PluginManager:220 - loadIPPluginJar : add openamp
2026-02-13 18:37:05,869 [INFO] IPUIPlugin:80 - create IPUIPlugin
2026-02-13 18:37:05,869 [INFO] PluginManager:220 - loadIPPluginJar : add pdm2pcm
2026-02-13 18:37:05,888 [INFO] IPUIPlugin:80 - create IPUIPlugin
2026-02-13 18:37:05,895 [INFO] PluginManager:220 - loadIPPluginJar : add plateformsettings
2026-02-13 18:37:05,906 [INFO] IPUIPlugin:80 - create IPUIPlugin
2026-02-13 18:37:05,906 [INFO] PluginManager:220 - loadIPPluginJar : add quadspi
2026-02-13 18:37:05,910 [INFO] IPUIPlugin:80 - create IPUIPlugin
2026-02-13 18:37:05,916 [INFO] PluginManager:220 - loadIPPluginJar : add radio
2026-02-13 18:37:05,930 [INFO] IPUIPlugin:80 - create IPUIPlugin
2026-02-13 18:37:05,930 [INFO] PluginManager:220 - loadIPPluginJar : add resmgrutility
2026-02-13 18:37:05,934 [INFO] IPUIPlugin:80 - create IPUIPlugin
2026-02-13 18:37:05,939 [INFO] PluginManager:220 - loadIPPluginJar : add sai
2026-02-13 18:37:05,946 [INFO] IPUIPlugin:80 - create IPUIPlugin
2026-02-13 18:37:05,949 [INFO] PluginManager:220 - loadIPPluginJar : add spi
2026-02-13 18:37:05,976 [INFO] IPUIPlugin:80 - create IPUIPlugin
2026-02-13 18:37:05,977 [INFO] PluginManager:220 - loadIPPluginJar : add stm32_wpan
2026-02-13 18:37:05,988 [INFO] IPUIPlugin:80 - create IPUIPlugin
2026-02-13 18:37:05,988 [INFO] PluginManager:220 - loadIPPluginJar : add tim
2026-02-13 18:37:05,997 [INFO] IPUIPlugin:80 - create IPUIPlugin
2026-02-13 18:37:05,997 [INFO] PluginManager:220 - loadIPPluginJar : add touchsensing
2026-02-13 18:37:06,001 [INFO] IPUIPlugin:80 - create IPUIPlugin
2026-02-13 18:37:06,001 [INFO] PluginManager:220 - loadIPPluginJar : add tracer_emb
2026-02-13 18:37:06,012 [INFO] IPUIPlugin:80 - create IPUIPlugin
2026-02-13 18:37:06,012 [INFO] PluginManager:220 - loadIPPluginJar : add ts
2026-02-13 18:37:06,017 [INFO] IPUIPlugin:80 - create IPUIPlugin
2026-02-13 18:37:06,017 [INFO] PluginManager:220 - loadIPPluginJar : add tsc
2026-02-13 18:37:06,021 [INFO] IPUIPlugin:80 - create IPUIPlugin
2026-02-13 18:37:06,021 [INFO] PluginManager:220 - loadIPPluginJar : add ucpd
2026-02-13 18:37:06,029 [INFO] IPUIPlugin:80 - create IPUIPlugin
2026-02-13 18:37:06,029 [INFO] PluginManager:220 - loadIPPluginJar : add usart
2026-02-13 18:37:06,038 [INFO] IPUIPlugin:80 - create IPUIPlugin
2026-02-13 18:37:06,038 [INFO] PluginManager:220 - loadIPPluginJar : add usbx
2026-02-13 18:37:06,295 [FATAL] Updater:351 - Updater called before beeing initialized
2026-02-13 18:37:06,369 [INFO] RulesReader:64 - Compatibility file has been processed (317 Rules)
2026-02-13 18:37:06,396 [INFO] RulesReader:64 - Compatibility file has been processed (317 Rules)
2026-02-13 18:37:06,437 [INFO] CADModel:165 - CPN selected for project level
2026-02-13 18:37:06,437 [INFO] CADModel:114 - Register for checkConnection events
2026-02-13 18:37:06,437 [FATAL] Updater:351 - Updater called before beeing initialized
2026-02-13 18:37:06,437 [ERROR] CADModel:125 - Updater not yet initialized, retry later 
2026-02-13 18:37:06,583 [INFO] ThirdPartyUpdaterWithRetryManager:70 - Updater plugin not ready yet. [2/15]
2026-02-13 18:37:07,246 [FATAL] Updater:351 - Updater called before beeing initialized
2026-02-13 18:37:07,263 [INFO] CADModel:165 - CPN selected for project level
2026-02-13 18:37:07,263 [INFO] CADModel:114 - Register for checkConnection events
2026-02-13 18:37:07,263 [FATAL] Updater:351 - Updater called before beeing initialized
2026-02-13 18:37:07,263 [ERROR] CADModel:125 - Updater not yet initialized, retry later 
2026-02-13 18:37:07,297 [FATAL] Updater:351 - Updater called before beeing initialized
2026-02-13 18:37:07,869 [FATAL] Updater:351 - Updater called before beeing initialized
2026-02-13 18:37:07,893 [INFO] DbMcusAds:53 - JSON generation date=Thu Jan 08 22:57:51 ICT 2026 (1767887871456)
2026-02-13 18:37:07,896 [FATAL] Updater:351 - Updater called before beeing initialized
2026-02-13 18:37:08,052 [WARN] DetailPanel:346 - Failed to get advertising image, set to default
2026-02-13 18:37:08,380 [FATAL] Updater:351 - Updater called before beeing initialized
2026-02-13 18:37:08,386 [FATAL] Updater:351 - Updater called before beeing initialized
2026-02-13 18:37:08,386 [FATAL] Updater:351 - Updater called before beeing initialized
2026-02-13 18:37:08,388 [WARN] DetailPanel:346 - Failed to get advertising image, set to default
2026-02-13 18:37:08,388 [FATAL] Updater:351 - Updater called before beeing initialized
2026-02-13 18:37:08,540 [ERROR] Updater:1198 - MainUpdater not yet initialized. External WinMGr cannot be set.
2026-02-13 18:37:08,545 [INFO] Updater:1134 - Updater Version found : 6.15.0
2026-02-13 18:37:08,606 [INFO] ApplicationProperties:184 - Using Application install path: F:\stm32_1_9_0\STM32CubeIDE_1.19.0\STM32CubeIDE\plugins\com.st.stm32cube.common.mx_6.15.0.202507011659
2026-02-13 18:37:09,586 [FATAL] Updater:351 - Updater called before beeing initialized
2026-02-13 18:37:09,586 [ERROR] IntegrityCheckThread:130 - Cannot retrieve database content from updater: error 21
2026-02-13 18:37:09,586 [INFO] ThirdParty:978 - Integrity check success = false
2026-02-13 18:37:09,586 [INFO] IntegrityCheckThread:100 - exiting critical section [integrity check]
2026-02-13 18:37:09,586 [INFO] IntegrityCheckThread:103 - End integrity checks thread
2026-02-13 18:37:10,242 [ERROR] LogOutputStream:75 - [STDERR_REDIRECT] Feb 13, 2026 6:37:10 PM java.util.prefs.WindowsPreferences <init>
2026-02-13 18:37:10,245 [ERROR] LogOutputStream:75 - [STDERR_REDIRECT] WARNING: Could not open/create prefs root node Software\JavaSoft\Prefs at root 0xffffffff80000002. Windows RegCreateKeyEx(...) returned error code 5.
2026-02-13 18:37:10,245 [ERROR] LogOutputStream:75 - [STDERR_REDIRECT] 
2026-02-13 18:37:11,434 [INFO] MainUpdater:2872 - connection check result : 10
2026-02-13 18:37:11,436 [INFO] MainUpdater:3604 - Updater definition file requires update
2026-02-13 18:37:11,442 [INFO] MainUpdater:289 - Updater Check For Update Now.
2026-02-13 18:37:11,442 [INFO] MicroXplorer:498 - Change Database Version : DB.6.0.150
2026-02-13 18:37:11,461 [INFO] McuFinderGlobals:63 - Set McuFinder mode to 2 (CubeIDE integrated)
2026-02-13 18:37:11,461 [INFO] UserAuth:171 - activating auth plugin
2026-02-13 18:37:11,461 [INFO] UserAuth:487 - Internet connection configuration mode: 1
2026-02-13 18:37:11,529 [INFO] JxBrowserEngine:152 - Initiate JxBrowser Engine with user profile folder
2026-02-13 18:37:11,602 [INFO] ServerAccessManage:452 - Complete download http(s) 200
2026-02-13 18:37:11,620 [INFO] ServerAccessManage:509 - Download File updaters.zip
2026-02-13 18:37:11,932 [INFO] FileExtend:248 - Unzip File : updaters.zip
2026-02-13 18:37:11,934 [INFO] FileExtend:263 - Standard Zip Deflate
2026-02-13 18:37:13,636 [INFO] ServerAccessManage:452 - Complete download http(s) 200
2026-02-13 18:37:13,637 [INFO] ServerAccessManage:509 - Download File PacksControlFlags.xml
2026-02-13 18:37:14,779 [INFO] ServerAccessManage:452 - Complete download http(s) 200
2026-02-13 18:37:14,779 [INFO] ServerAccessManage:509 - Download File cubemx.pidx
2026-02-13 18:37:14,948 [INFO] WebApp:169 - Instantiating new browser for Auth
2026-02-13 18:37:15,251 [INFO] LoadServerUpdatesThread:375 - End of LoadServerUpdate Thread
2026-02-13 18:37:15,797 [INFO] CheckServerUpdateThread:120 - End of CheckServer Thread
2026-02-13 18:37:17,836 [INFO] WebApp:463 - Apply proxy settings
2026-02-13 18:37:17,840 [INFO] WebApp:548 - Chromium requires no authentication
2026-02-13 18:37:17,878 [INFO] WebApp:491 - Direct internet connection detected
2026-02-13 18:37:17,959 [INFO] WebApp:900 - Register for checkConnection events
2026-02-13 18:37:17,960 [INFO] WebApp:463 - Apply proxy settings
2026-02-13 18:37:17,961 [INFO] WebApp:548 - Chromium requires no authentication
2026-02-13 18:37:17,962 [INFO] WebApp:491 - Direct internet connection detected
2026-02-13 18:37:18,260 [INFO] WebApp:191 - Connection restablished
2026-02-13 18:37:18,902 [INFO] WebApp:225 - Starting web application
2026-02-13 18:37:18,914 [INFO] WebApp:593 - Web application path used F:\stm32_1_9_0\STM32CubeIDE_1.19.0\STM32CubeIDE\plugins\com.st.stm32cube.common.mx_6.15.0.202507011659\db\plugins\mcufinder\reactClient1\index.html
2026-02-13 18:37:18,945 [INFO] WebApp:194 - Connection lost
2026-02-13 18:37:19,121 [INFO] WebApp:191 - Connection restablished
